#
# A fatal error has been detected by the Java Runtime Environment:
#
#  EXCEPTION_ACCESS_VIOLATION (0xc0000005) at pc=0x6ec61f7c, pid=8204, tid=0x00002094
#
# JRE version: Java(TM) SE Runtime Environment (8.0_144-b01) (build 1.8.0_144-b01)
# Java VM: Java HotSpot(TM) Client VM (25.144-b01 mixed mode windows-x86 )
# Problematic frame:
# V  [jvm.dll+0xd1f7c]
#
# Failed to write core dump. Minidumps are not enabled by default on client versions of Windows
#
# If you would like to submit a bug report, please visit:
#   http://bugreport.java.com/bugreport/crash.jsp
#

---------------  T H R E A D  ---------------

Current thread (0x00784000):  VMThread [stack: 0x25240000,0x25440000] [id=8340]

siginfo: ExceptionCode=0xc0000005, reading address 0x00000008

Registers:
EAX=0x00000008, EBX=0x00000ef8, ECX=0x0205b000, EDX=0x11d69458
ESP=0x2543f664, EBP=0x2543f670, ESI=0x11d66250, EDI=0x2543f774
EIP=0x6ec61f7c, EFLAGS=0x00010283

Top of Stack: (sp=0x2543f664)
0x2543f664:   11dd37e0 11d65878 2543f774 2543f690
0x2543f674:   6ec359ff 11d69458 2543f774 006ddb60
0x2543f684:   2543f774 006d9120 006ddc80 2543f6a4
0x2543f694:   6ec2ad81 2543f774 006d9174 00000001
0x2543f6a4:   2543f6bc 6ec28a17 2543f774 006d9120
0x2543f6b4:   2543f7b4 00000000 2543f8d8 6ec24a57
0x2543f6c4:   00000000 2543f800 2543f774 006dbb98
0x2543f6d4:   6ec259d4 2508d580 006d9120 006d9170 

Instructions: (pc=0x6ec61f7c)
0x6ec61f5c:   14 be 89 55 08 8d 5c 01 02 49 f7 d1 23 d9 3b f2
0x6ec61f6c:   73 75 8b 7d 0c 8b 06 85 c0 74 65 3b 47 24 73 60
0x6ec61f7c:   8b 08 83 e1 03 80 f9 03 75 1e 8b 00 80 3d b4 a4
0x6ec61f8c:   ee 6e 00 74 0e 8b c8 83 e1 07 80 f9 05 75 04 33 


Register to memory mapping:

EAX=0x00000008 is an unknown value
EBX=0x00000ef8 is an unknown value
ECX=0x0205b000 is an unknown value
EDX=0x11d69458 is an oop
com.sun.javafx.css.StyleManager$Key 
 - klass: 'com/sun/javafx/css/StyleManager$Key'
ESP=0x2543f664 is an unknown value
EBP=0x2543f670 is an unknown value
ESI=0x11d66250 is pointing into object: 0x11d65878
[Ljavafx.scene.Node; 
 - klass: 'javafx/scene/Node'[]
 - length: 3829
EDI=0x2543f774 is an unknown value


Stack: [0x25240000,0x25440000],  sp=0x2543f664,  free space=2045k
Native frames: (J=compiled Java code, j=interpreted, Vv=VM code, C=native code)
V  [jvm.dll+0xd1f7c]
V  [jvm.dll+0xa59ff]
V  [jvm.dll+0x9ad81]
V  [jvm.dll+0x98a17]
V  [jvm.dll+0x94a57]
V  [jvm.dll+0x99683]
V  [jvm.dll+0x936b5]
V  [jvm.dll+0x1b9146]
V  [jvm.dll+0x1834eb]
V  [jvm.dll+0x1828f1]
V  [jvm.dll+0x182d07]
V  [jvm.dll+0x182f02]
V  [jvm.dll+0x1c2ec6]
C  [MSVCR100.dll+0x5c556]
C  [MSVCR100.dll+0x5c600]
C  [kernel32.dll+0x1343d]
C  [ntdll.dll+0x39802]
C  [ntdll.dll+0x397d5]

VM_Operation (0x271ac7f0): GenCollectForAllocation, mode: safepoint, requested by thread 0x26472000


---------------  P R O C E S S  ---------------

Java Threads: ( => current thread )
  0x26607800 JavaThread "pool-4-thread-8" [_thread_blocked, id=1596, stack(0x38900000,0x38b00000)]
  0x2e9db800 JavaThread "pool-4-thread-7" [_thread_blocked, id=8584, stack(0x386c0000,0x388c0000)]
  0x2e9db400 JavaThread "pool-4-thread-6" [_thread_blocked, id=7248, stack(0x38480000,0x38680000)]
  0x2e9dac00 JavaThread "pool-4-thread-5" [_thread_blocked, id=8852, stack(0x38240000,0x38440000)]
  0x2e9d9800 JavaThread "pool-4-thread-4" [_thread_blocked, id=8272, stack(0x38040000,0x38240000)]
  0x2e9da000 JavaThread "pool-4-thread-3" [_thread_blocked, id=8664, stack(0x37e40000,0x38040000)]
  0x2e9d8c00 JavaThread "pool-4-thread-2" [_thread_blocked, id=3708, stack(0x37c40000,0x37e40000)]
  0x2e9da800 JavaThread "pool-4-thread-1" [_thread_blocked, id=8264, stack(0x37a40000,0x37c40000)]
  0x2e9d8800 JavaThread "BlueJ compiler thread" [_thread_blocked, id=8984, stack(0x37840000,0x37a40000)]
  0x2e9d8000 JavaThread "vm-event-handler" [_thread_blocked, id=6140, stack(0x36640000,0x36840000)]
  0x26609800 JavaThread "BlueJ I/O Handler" [_thread_blocked, id=5396, stack(0x36440000,0x36640000)]
  0x26609000 JavaThread "BlueJ I/O Handler" [_thread_in_native, id=2052, stack(0x36240000,0x36440000)]
  0x26608c00 JavaThread "BlueJ I/O Handler" [_thread_in_native, id=7204, stack(0x36040000,0x36240000)]
  0x26608400 JavaThread "JDI Target VM Interface" daemon [_thread_in_native, id=1256, stack(0x35e40000,0x36040000)]
  0x26607400 JavaThread "JDI Internal Event Handler" daemon [_thread_blocked, id=6728, stack(0x34f70000,0x35170000)]
  0x26605400 JavaThread "Disposer" daemon [_thread_blocked, id=1980, stack(0x327e0000,0x329e0000)]
  0x26604000 JavaThread "TimerQueue" daemon [_thread_blocked, id=4808, stack(0x2d440000,0x2d640000)]
  0x26603400 JavaThread "SeedGenerator Thread" daemon [_thread_blocked, id=5520, stack(0x2c6e0000,0x2c8e0000)]
  0x26602800 JavaThread "AWT-EventQueue-0" [_thread_blocked, id=2208, stack(0x2ba20000,0x2bc20000)]
  0x26602000 JavaThread "Prism Font Disposer" daemon [_thread_blocked, id=8724, stack(0x2b1e0000,0x2b3e0000)]
  0x264dc800 JavaThread "Thread-5" [_thread_blocked, id=8684, stack(0x28fe0000,0x291e0000)]
  0x264d3800 JavaThread "AWT-Windows" daemon [_thread_in_native, id=8636, stack(0x28da0000,0x28fa0000)]
  0x264a0400 JavaThread "AWT-Shutdown" [_thread_blocked, id=8640, stack(0x28b60000,0x28d60000)]
  0x2648fc00 JavaThread "Java2D Disposer" daemon [_thread_blocked, id=8592, stack(0x28960000,0x28b60000)]
  0x264a1c00 JavaThread "Thread-3" daemon [_thread_blocked, id=8596, stack(0x28660000,0x28860000)]
  0x26472000 JavaThread "JavaFX Application Thread" [_thread_blocked, id=8544, stack(0x26fb0000,0x271b0000)]
  0x26481400 JavaThread "Thread-2" daemon [_thread_blocked, id=8548, stack(0x26bb0000,0x26db0000)]
  0x2645ac00 JavaThread "QuantumRenderer-0" daemon [_thread_blocked, id=8500, stack(0x26840000,0x26a40000)]
  0x251ef000 JavaThread "JavaFX-Launcher" [_thread_blocked, id=8504, stack(0x26240000,0x26440000)]
  0x250d9000 JavaThread "Service Thread" daemon [_thread_blocked, id=8456, stack(0x25e40000,0x26040000)]
  0x250b9800 JavaThread "C1 CompilerThread0" daemon [_thread_blocked, id=5984, stack(0x25c40000,0x25e40000)]
  0x250b8800 JavaThread "Attach Listener" daemon [_thread_blocked, id=8324, stack(0x25a40000,0x25c40000)]
  0x250b5800 JavaThread "Signal Dispatcher" daemon [_thread_blocked, id=8328, stack(0x25840000,0x25a40000)]
  0x00790c00 JavaThread "Finalizer" daemon [_thread_blocked, id=8332, stack(0x25640000,0x25840000)]
  0x0078ac00 JavaThread "Reference Handler" daemon [_thread_blocked, id=8336, stack(0x25440000,0x25640000)]
  0x0055bc00 JavaThread "main" [_thread_blocked, id=9160, stack(0x00090000,0x00290000)]

Other Threads:
=>0x00784000 VMThread [stack: 0x25240000,0x25440000] [id=8340]
  0x250ec000 WatcherThread [stack: 0x26040000,0x26240000] [id=8452]

VM state:at safepoint (normal execution)

VM Mutex/Monitor currently owned by a thread:  ([mutex/lock_event])
[0x0055a1b8] Threads_lock - owner thread: 0x00784000
[0x0055a5c8] Heap_lock - owner thread: 0x26472000

Heap:
 def new generation   total 26624K, used 26624K [0x04a00000, 0x066e0000, 0x0f4a0000)
  eden space 23680K, 100% used [0x04a00000, 0x06120000, 0x06120000)
  from space 2944K, 100% used [0x06120000, 0x06400000, 0x06400000)
  to   space 2944K,  99% used [0x06400000, 0x066dfff8, 0x066e0000)
 tenured generation   total 58848K, used 42402K [0x0f4a0000, 0x12e18000, 0x24a00000)
   the space 58848K,  72% used [0x0f4a0000, 0x11e08880, 0x11e08a00, 0x12e18000)
 Metaspace       used 30111K, capacity 32463K, committed 32512K, reserved 33152K

Card table byte_map: [0x02080000,0x02190000] byte_map_base: 0x0205b000

Polling page: 0x00360000

CodeCache: size=32768Kb used=6223Kb max_used=6223Kb free=26544Kb
 bounds [0x02940000, 0x02f58000, 0x04940000]
 total_blobs=4860 nmethods=4367 adapters=422
 compilation: enabled

Compilation events (10 events):
Event: 22.880 Thread 0x250b9800 nmethod 4406 0x02f52888 code [0x02f529c0, 0x02f52be0]
Event: 22.881 Thread 0x250b9800 4407             org.reactfx.util.ListHelper$MultiElemHelper::remove (109 bytes)
Event: 22.882 Thread 0x250b9800 nmethod 4407 0x02f52f08 code [0x02f53070, 0x02f53384]
Event: 22.885 Thread 0x250b9800 4408             java.util.Collections::singletonSpliterator (9 bytes)
Event: 22.885 Thread 0x250b9800 nmethod 4408 0x02f535c8 code [0x02f536c0, 0x02f53790]
Event: 22.887 Thread 0x250b9800 4409             bluej.parser.JavaParser::isPrimitiveType (87 bytes)
Event: 22.887 Thread 0x250b9800 nmethod 4409 0x02f53808 code [0x02f53900, 0x02f539e0]
Event: 22.892 Thread 0x250b9800 4410             org.fxmisc.richtext.model.Paragraph::trim (139 bytes)
Event: 22.893 Thread 0x250b9800 nmethod 4410 0x02f53a48 code [0x02f53c10, 0x02f5414c]
Event: 22.893 Thread 0x250b9800 4411             org.fxmisc.richtext.model.Paragraph::subSequence (235 bytes)

GC Heap History (10 events):
Event: 12.653 GC heap after
Heap after GC invocations=89 (full 5):
 def new generation   total 17856K, used 1920K [0x04a00000, 0x05d50000, 0x0f4a0000)
  eden space 15936K,   0% used [0x04a00000, 0x04a00000, 0x05990000)
  from space 1920K, 100% used [0x05990000, 0x05b70000, 0x05b70000)
  to   space 1920K,   0% used [0x05b70000, 0x05b70000, 0x05d50000)
 tenured generation   total 39364K, used 36083K [0x0f4a0000, 0x11b11000, 0x24a00000)
   the space 39364K,  91% used [0x0f4a0000, 0x117dcd90, 0x117dce00, 0x11b11000)
 Metaspace       used 30033K, capacity 32322K, committed 32384K, reserved 33152K
}
Event: 12.871 GC heap before
{Heap before GC invocations=89 (full 5):
 def new generation   total 17856K, used 17856K [0x04a00000, 0x05d50000, 0x0f4a0000)
  eden space 15936K, 100% used [0x04a00000, 0x05990000, 0x05990000)
  from space 1920K, 100% used [0x05990000, 0x05b70000, 0x05b70000)
  to   space 1920K,   0% used [0x05b70000, 0x05b70000, 0x05d50000)
 tenured generation   total 39364K, used 36083K [0x0f4a0000, 0x11b11000, 0x24a00000)
   the space 39364K,  91% used [0x0f4a0000, 0x117dcd90, 0x117dce00, 0x11b11000)
 Metaspace       used 30101K, capacity 32458K, committed 32512K, reserved 33152K
Event: 12.887 GC heap after
Heap after GC invocations=90 (full 5):
 def new generation   total 17856K, used 1920K [0x04a00000, 0x05d50000, 0x0f4a0000)
  eden space 15936K,   0% used [0x04a00000, 0x04a00000, 0x05990000)
  from space 1920K, 100% used [0x05b70000, 0x05d50000, 0x05d50000)
  to   space 1920K,   0% used [0x05990000, 0x05990000, 0x05b70000)
 tenured generation   total 39364K, used 39317K [0x0f4a0000, 0x11b11000, 0x24a00000)
   the space 39364K,  99% used [0x0f4a0000, 0x11b056d8, 0x11b05800, 0x11b11000)
 Metaspace       used 30101K, capacity 32458K, committed 32512K, reserved 33152K
}
Event: 12.964 GC heap before
{Heap before GC invocations=90 (full 5):
 def new generation   total 17856K, used 17856K [0x04a00000, 0x05d50000, 0x0f4a0000)
  eden space 15936K, 100% used [0x04a00000, 0x05990000, 0x05990000)
  from space 1920K, 100% used [0x05b70000, 0x05d50000, 0x05d50000)
  to   space 1920K,   0% used [0x05990000, 0x05990000, 0x05b70000)
 tenured generation   total 39364K, used 39317K [0x0f4a0000, 0x11b11000, 0x24a00000)
   the space 39364K,  99% used [0x0f4a0000, 0x11b056d8, 0x11b05800, 0x11b11000)
 Metaspace       used 30101K, capacity 32458K, committed 32512K, reserved 33152K
Event: 13.061 GC heap after
Heap after GC invocations=91 (full 6):
 def new generation   total 26624K, used 0K [0x04a00000, 0x066e0000, 0x0f4a0000)
  eden space 23680K,   0% used [0x04a00000, 0x04a00000, 0x06120000)
  from space 2944K,   0% used [0x06120000, 0x06120000, 0x06400000)
  to   space 2944K,   0% used [0x06400000, 0x06400000, 0x066e0000)
 tenured generation   total 58848K, used 35306K [0x0f4a0000, 0x12e18000, 0x24a00000)
   the space 58848K,  59% used [0x0f4a0000, 0x1171ab98, 0x1171ac00, 0x12e18000)
 Metaspace       used 30101K, capacity 32458K, committed 32512K, reserved 33152K
}
Event: 13.298 GC heap before
{Heap before GC invocations=91 (full 6):
 def new generation   total 26624K, used 23680K [0x04a00000, 0x066e0000, 0x0f4a0000)
  eden space 23680K, 100% used [0x04a00000, 0x06120000, 0x06120000)
  from space 2944K,   0% used [0x06120000, 0x06120000, 0x06400000)
  to   space 2944K,   0% used [0x06400000, 0x06400000, 0x066e0000)
 tenured generation   total 58848K, used 35306K [0x0f4a0000, 0x12e18000, 0x24a00000)
   the space 58848K,  59% used [0x0f4a0000, 0x1171ab98, 0x1171ac00, 0x12e18000)
 Metaspace       used 30102K, capacity 32458K, committed 32512K, reserved 33152K
Event: 13.308 GC heap after
Heap after GC invocations=92 (full 6):
 def new generation   total 26624K, used 2944K [0x04a00000, 0x066e0000, 0x0f4a0000)
  eden space 23680K,   0% used [0x04a00000, 0x04a00000, 0x06120000)
  from space 2944K, 100% used [0x06400000, 0x066e0000, 0x066e0000)
  to   space 2944K,   0% used [0x06120000, 0x06120000, 0x06400000)
 tenured generation   total 58848K, used 35947K [0x0f4a0000, 0x12e18000, 0x24a00000)
   the space 58848K,  61% used [0x0f4a0000, 0x117bacf0, 0x117bae00, 0x12e18000)
 Metaspace       used 30102K, capacity 32458K, committed 32512K, reserved 33152K
}
Event: 13.541 GC heap before
{Heap before GC invocations=92 (full 6):
 def new generation   total 26624K, used 26624K [0x04a00000, 0x066e0000, 0x0f4a0000)
  eden space 23680K, 100% used [0x04a00000, 0x06120000, 0x06120000)
  from space 2944K, 100% used [0x06400000, 0x066e0000, 0x066e0000)
  to   space 2944K,   0% used [0x06120000, 0x06120000, 0x06400000)
 tenured generation   total 58848K, used 35947K [0x0f4a0000, 0x12e18000, 0x24a00000)
   the space 58848K,  61% used [0x0f4a0000, 0x117bacf0, 0x117bae00, 0x12e18000)
 Metaspace       used 30106K, capacity 32458K, committed 32512K, reserved 33152K
Event: 13.558 GC heap after
Heap after GC invocations=93 (full 6):
 def new generation   total 26624K, used 2944K [0x04a00000, 0x066e0000, 0x0f4a0000)
  eden space 23680K,   0% used [0x04a00000, 0x04a00000, 0x06120000)
  from space 2944K, 100% used [0x06120000, 0x06400000, 0x06400000)
  to   space 2944K,   0% used [0x06400000, 0x06400000, 0x066e0000)
 tenured generation   total 58848K, used 41680K [0x0f4a0000, 0x12e18000, 0x24a00000)
   the space 58848K,  70% used [0x0f4a0000, 0x11d54238, 0x11d54400, 0x12e18000)
 Metaspace       used 30106K, capacity 32458K, committed 32512K, reserved 33152K
}
Event: 22.894 GC heap before
{Heap before GC invocations=93 (full 6):
 def new generation   total 26624K, used 26624K [0x04a00000, 0x066e0000, 0x0f4a0000)
  eden space 23680K, 100% used [0x04a00000, 0x06120000, 0x06120000)
  from space 2944K, 100% used [0x06120000, 0x06400000, 0x06400000)
  to   space 2944K,   0% used [0x06400000, 0x06400000, 0x066e0000)
 tenured generation   total 58848K, used 41680K [0x0f4a0000, 0x12e18000, 0x24a00000)
   the space 58848K,  70% used [0x0f4a0000, 0x11d54238, 0x11d54400, 0x12e18000)
 Metaspace       used 30111K, capacity 32463K, committed 32512K, reserved 33152K

Deoptimization events (0 events):
No events

Internal exceptions (10 events):
Event: 12.536 Thread 0x26472000 Exception <a 'java/io/FileNotFoundException'> (0x05300f40) thrown at [C:\workspace\8-2-build-windows-i586-cygwin\jdk8u144\9417\hotspot\src\share\vm\prims\jni.cpp, line 709]
Event: 12.537 Thread 0x26472000 Exception <a 'java/io/FileNotFoundException'> (0x05315018) thrown at [C:\workspace\8-2-build-windows-i586-cygwin\jdk8u144\9417\hotspot\src\share\vm\prims\jni.cpp, line 709]
Event: 12.540 Thread 0x26472000 Exception <a 'java/io/FileNotFoundException'> (0x05345320) thrown at [C:\workspace\8-2-build-windows-i586-cygwin\jdk8u144\9417\hotspot\src\share\vm\prims\jni.cpp, line 709]
Event: 12.541 Thread 0x26472000 Exception <a 'java/io/FileNotFoundException'> (0x05355f78) thrown at [C:\workspace\8-2-build-windows-i586-cygwin\jdk8u144\9417\hotspot\src\share\vm\prims\jni.cpp, line 709]
Event: 12.623 Thread 0x26472000 Implicit null exception at 0x02dd6c13 to 0x02dd6e09
Event: 12.803 Thread 0x26472000 Implicit null exception at 0x02dffcdf to 0x02dfff75
Event: 12.842 Thread 0x26472000 Exception <a 'java/lang/IncompatibleClassChangeError': Found class java.lang.Object, but interface was expected> (0x0577bee0) thrown at [C:\workspace\8-2-build-windows-i586-cygwin\jdk8u144\9417\hotspot\src\share\vm\interpreter\linkResolver.cpp, line 641]
Event: 12.853 Thread 0x26472000 Exception <a 'java/lang/NoSuchMethodError': java.lang.Object.lambda$chars$0()Ljava/util/Spliterator$OfInt;> (0x057e9800) thrown at [C:\workspace\8-2-build-windows-i586-cygwin\jdk8u144\9417\hotspot\src\share\vm\interpreter\linkResolver.cpp, line 582]
Event: 12.906 Thread 0x2645ac00 Exception <a 'java/lang/ArrayIndexOutOfBoundsException'> (0x04ce9f80) thrown at [C:\workspace\8-2-build-windows-i586-cygwin\jdk8u144\9417\hotspot\src\share\vm\runtime\sharedRuntime.cpp, line 605]
Event: 13.600 Thread 0x2645ac00 Exception <a 'java/lang/ArrayIndexOutOfBoundsException'> (0x04e597e8) thrown at [C:\workspace\8-2-build-windows-i586-cygwin\jdk8u144\9417\hotspot\src\share\vm\runtime\sharedRuntime.cpp, line 605]

Events (10 events):
Event: 13.601 loading class com/sun/javafx/geom/DirtyRegionPool$PoolItem
Event: 13.601 loading class com/sun/javafx/geom/DirtyRegionPool$PoolItem done
Event: 13.791 Thread 0x26604800 Thread exited: 0x26604800
Event: 13.800 Thread 0x26606000 Thread exited: 0x26606000
Event: 14.476 Thread 0x26604c00 Thread exited: 0x26604c00
Event: 17.058 Thread 0x26604c00 Thread added: 0x26604c00
Event: 17.931 Executing VM operation: RevokeBias
Event: 17.931 Executing VM operation: RevokeBias done
Event: 17.931 Thread 0x26604c00 Thread exited: 0x26604c00
Event: 22.893 Executing VM operation: GenCollectForAllocation


Dynamic libraries:
0x00400000 - 0x00494000 	C:\Program Files (x86)\BlueJ\BlueJ.exe
0x77e60000 - 0x77fe0000 	C:\Windows\SysWOW64\ntdll.dll
0x766f0000 - 0x76800000 	C:\Windows\syswow64\kernel32.dll
0x756b0000 - 0x756f7000 	C:\Windows\syswow64\KERNELBASE.dll
0x76f60000 - 0x77001000 	C:\Windows\syswow64\ADVAPI32.DLL
0x774f0000 - 0x7759c000 	C:\Windows\syswow64\msvcrt.dll
0x775a0000 - 0x775b9000 	C:\Windows\SysWOW64\sechost.dll
0x76dd0000 - 0x76ec0000 	C:\Windows\syswow64\RPCRT4.dll
0x75580000 - 0x755e0000 	C:\Windows\syswow64\SspiCli.dll
0x75570000 - 0x7557c000 	C:\Windows\syswow64\CRYPTBASE.dll
0x768b0000 - 0x7692b000 	C:\Windows\syswow64\COMDLG32.DLL
0x76680000 - 0x766d7000 	C:\Windows\syswow64\SHLWAPI.dll
0x77650000 - 0x776e0000 	C:\Windows\syswow64\GDI32.dll
0x778a0000 - 0x779a0000 	C:\Windows\syswow64\USER32.dll
0x77720000 - 0x7772a000 	C:\Windows\syswow64\LPK.dll
0x76800000 - 0x7689d000 	C:\Windows\syswow64\USP10.dll
0x73d50000 - 0x73dd4000 	C:\Windows\WinSxS\x86_microsoft.windows.common-controls_6595b64144ccf1df_5.82.7601.18837_none_ec86b8d6858ec0bc\COMCTL32.dll
0x758f0000 - 0x7653c000 	C:\Windows\syswow64\SHELL32.dll
0x71f90000 - 0x71f99000 	C:\Windows\system32\VERSION.dll
0x775d0000 - 0x77630000 	C:\Windows\system32\IMM32.DLL
0x779a0000 - 0x77a6d000 	C:\Windows\syswow64\MSCTF.dll
0x74250000 - 0x74282000 	C:\PROGRA~2\Sophos\SOPHOS~1\sophos_detoured.dll
0x77890000 - 0x77895000 	C:\Windows\syswow64\PSAPI.DLL
0x6eb90000 - 0x6ef5e000 	C:\Program Files (x86)\BlueJ\jdk\jre\bin\client\jvm.dll
0x75200000 - 0x75207000 	C:\Windows\system32\WSOCK32.dll
0x75670000 - 0x756a5000 	C:\Windows\syswow64\WS2_32.dll
0x76540000 - 0x76546000 	C:\Windows\syswow64\NSI.dll
0x71740000 - 0x71772000 	C:\Windows\system32\WINMM.dll
0x73ae0000 - 0x73b9f000 	C:\Program Files (x86)\BlueJ\jdk\jre\bin\MSVCR100.dll
0x74520000 - 0x7452c000 	C:\Program Files (x86)\BlueJ\jdk\jre\bin\verify.dll
0x73ab0000 - 0x73ad1000 	C:\Program Files (x86)\BlueJ\jdk\jre\bin\java.dll
0x73a90000 - 0x73aa3000 	C:\Program Files (x86)\BlueJ\jdk\jre\bin\zip.dll
0x77730000 - 0x7788f000 	C:\Windows\syswow64\ole32.dll
0x77a70000 - 0x77a7b000 	C:\Windows\syswow64\profapi.dll
0x6eaa0000 - 0x6eb8e000 	C:\Program Files (x86)\BlueJ\jdk\jre\bin\msvcr120.dll
0x73a10000 - 0x73a81000 	C:\Program Files (x86)\BlueJ\jdk\jre\bin\msvcp120.dll
0x71b00000 - 0x71b1e000 	C:\Program Files (x86)\BlueJ\jdk\jre\bin\prism_d3d.dll
0x675d0000 - 0x67793000 	C:\Windows\system32\d3d9.dll
0x73340000 - 0x73346000 	C:\Windows\system32\d3d8thk.dll
0x74540000 - 0x74553000 	C:\Windows\system32\dwmapi.dll
0x75170000 - 0x751f0000 	C:\Windows\system32\uxtheme.dll
0x66810000 - 0x675c8000 	C:\Windows\system32\nvd3dum.dll
0x71280000 - 0x712b3000 	C:\Program Files (x86)\BlueJ\jdk\jre\bin\glass.dll
0x76ec0000 - 0x76f51000 	C:\Windows\syswow64\OLEAUT32.dll
0x73ec0000 - 0x73f18000 	C:\Program Files (x86)\Common Files\microsoft shared\ink\tiptsf.dll
0x71ba0000 - 0x71bc5000 	C:\Windows\system32\powrprof.dll
0x76bb0000 - 0x76d4d000 	C:\Windows\syswow64\SETUPAPI.dll
0x77030000 - 0x77057000 	C:\Windows\syswow64\CFGMGR32.dll
0x76db0000 - 0x76dc2000 	C:\Windows\syswow64\DEVOBJ.dll
0x64d60000 - 0x64e27000 	C:\Program Files (x86)\NVIDIA Corporation\3D Vision\nvSCPAPI.dll
0x6e950000 - 0x6ea95000 	C:\Program Files (x86)\BlueJ\jdk\jre\bin\awt.dll
0x70d70000 - 0x70d81000 	C:\Program Files (x86)\BlueJ\jdk\jre\bin\javafx_font.dll
0x678f0000 - 0x67a26000 	C:\Windows\system32\dwrite.dll
0x75700000 - 0x75783000 	C:\Windows\syswow64\CLBCatQ.DLL
0x726a0000 - 0x7283e000 	C:\Windows\WinSxS\x86_microsoft.windows.common-controls_6595b64144ccf1df_6.0.7601.18837_none_41e855142bd5705d\comctl32.dll
0x666d0000 - 0x66801000 	C:\Windows\system32\WindowsCodecs.dll
0x73e00000 - 0x73e4c000 	C:\Windows\system32\apphelp.dll
0x6e5f0000 - 0x6e798000 	C:\PROGRA~2\MICROS~2\Office15\GROOVEEX.DLL
0x710f0000 - 0x71159000 	C:\Windows\system32\MSVCP100.dll
0x71220000 - 0x71246000 	C:\Windows\system32\ATL100.DLL
0x70b10000 - 0x70d56000 	C:\Windows\system32\msi.dll
0x63560000 - 0x63ddd000 	C:\PROGRA~2\MICROS~2\Office15\1033\GrooveIntlResource.dll
0x6e910000 - 0x6e941000 	C:\Windows\system32\EhStorShell.dll
0x73c00000 - 0x73cf5000 	C:\Windows\system32\PROPSYS.dll
0x6e830000 - 0x6e8a0000 	C:\Windows\system32\ntshrui.dll
0x72060000 - 0x72079000 	C:\Windows\system32\srvcli.dll
0x73f50000 - 0x73f5b000 	C:\Windows\system32\cscapi.dll
0x73a00000 - 0x73a0a000 	C:\Windows\system32\slc.dll
0x6f840000 - 0x6f861000 	C:\Program Files (x86)\Common Files\Microsoft Shared\Ink\rtscom.dll
0x6f7f0000 - 0x6f82c000 	C:\Windows\system32\oleacc.dll
0x74020000 - 0x74037000 	C:\Windows\system32\CRYPTSP.dll
0x73fe0000 - 0x7401b000 	C:\Windows\system32\rsaenh.dll
0x77630000 - 0x77647000 	C:\Windows\syswow64\USERENV.dll
0x6f590000 - 0x6f5a6000 	C:\Program Files (x86)\BlueJ\jdk\jre\bin\net.dll
0x71080000 - 0x710bc000 	C:\Windows\system32\mswsock.dll
0x6fca0000 - 0x6fca6000 	C:\Windows\System32\wship6.dll
0x71d60000 - 0x71d7c000 	C:\Windows\system32\IPHLPAPI.DLL
0x71d50000 - 0x71d57000 	C:\Windows\system32\WINNSI.DLL
0x70f90000 - 0x70f9d000 	C:\Windows\system32\dhcpcsvc6.DLL
0x70fa0000 - 0x70fb2000 	C:\Windows\system32\dhcpcsvc.DLL
0x71d80000 - 0x71d8f000 	C:\Program Files (x86)\BlueJ\jdk\jre\bin\nio.dll
0x6e8d0000 - 0x6e909000 	C:\Program Files (x86)\BlueJ\jdk\jre\bin\fontmanager.dll
0x6e020000 - 0x6e0e8000 	C:\Windows\system32\opengl32.dll
0x6e8a0000 - 0x6e8c2000 	C:\Windows\system32\GLU32.dll
0x64900000 - 0x649e7000 	C:\Windows\system32\DDRAW.dll
0x71b40000 - 0x71b46000 	C:\Windows\system32\DCIMAN32.dll
0x6e7f0000 - 0x6e822000 	C:\Program Files (x86)\BlueJ\jdk\jre\bin\t2k.dll
0x645b0000 - 0x648f7000 	C:\Windows\system32\d2d1.dll
0x64100000 - 0x64275000 	C:\Windows\system32\d3d11.dll
0x6e7a0000 - 0x6e7ec000 	C:\Windows\system32\dxgi.dll
0x63f10000 - 0x640fa000 	C:\Windows\system32\D3D10Warp.dll
0x776f0000 - 0x7771f000 	C:\Windows\syswow64\WINTRUST.dll
0x76550000 - 0x76672000 	C:\Windows\syswow64\CRYPT32.dll
0x77010000 - 0x7701c000 	C:\Windows\syswow64\MSASN1.dll
0x71780000 - 0x7178f000 	C:\Program Files (x86)\BlueJ\jdk\jre\bin\prism_common.dll
0x71250000 - 0x7126b000 	C:\Program Files (x86)\Common Files\Netop\WebFilterLSP32.dll
0x710c0000 - 0x710e3000 	C:\ProgramData\Sophos\Web Intelligence\swi_ifslsp.dll
0x716f0000 - 0x716fb000 	C:\Program Files (x86)\Common Files\Netop\WebFilterLogger32.dll
0x71070000 - 0x71075000 	C:\Windows\System32\wshtcpip.dll
0x70fc0000 - 0x71004000 	C:\Windows\system32\DNSAPI.dll
0x6fb00000 - 0x6fb06000 	C:\Windows\system32\rasadhlp.dll
0x71040000 - 0x7106c000 	C:\Program Files (x86)\Netop\Vision\Plugins\WebLock\WebFilterMgr32.dll
0x71010000 - 0x7103f000 	C:\Windows\system32\XmlLite.dll
0x741e0000 - 0x74201000 	C:\Windows\system32\ntmarta.dll
0x774a0000 - 0x774e5000 	C:\Windows\syswow64\WLDAP32.dll
0x6fb10000 - 0x6fb48000 	C:\Windows\System32\fwpuclnt.dll
0x73fd0000 - 0x73fde000 	C:\Windows\system32\RpcRtRemote.dll
0x6e000000 - 0x6e020000 	C:\Program Files (x86)\BlueJ\jdk\jre\bin\sunec.dll
0x71270000 - 0x71279000 	C:\Program Files (x86)\BlueJ\jdk\jre\bin\sunmscapi.dll
0x5ecf0000 - 0x60eb1000 	C:\Program Files (x86)\BlueJ\jdk\jre\bin\jfxwebkit.dll
0x6fc30000 - 0x6fc39000 	C:\Program Files (x86)\BlueJ\jdk\jre\bin\dt_shmem.dll
0x6fcf0000 - 0x6fd00000 	C:\Windows\system32\NLAapi.dll
0x6fce0000 - 0x6fcf0000 	C:\Windows\system32\napinsp.dll
0x6fcc0000 - 0x6fcd2000 	C:\Windows\system32\pnrpnsp.dll
0x6fcb0000 - 0x6fcb8000 	C:\Windows\System32\winrnr.dll
0x6f7e0000 - 0x6f7ea000 	C:\Program Files (x86)\BlueJ\jdk\jre\bin\management.dll
0x6fea0000 - 0x6ff8b000 	C:\Windows\system32\dbghelp.dll

VM Arguments:
jvm_args: -Xmx512M -Djavafx.embed.singleThread=true 
java_command: <unknown>
java_class_path (initial): C:\Program Files (x86)\BlueJ\lib\bluej.jar;C:\Program Files (x86)\BlueJ\jdk\lib\tools.jar
Launcher Type: generic

Environment Variables:
PATH=C:\Python27\;C:\Python27\Scripts;C:\Program Files (x86)\Common Files\Oracle\Java\javapath;C:\ProgramData\Oracle\Java\javapath;C:\Windows\system32;C:\Windows;C:\Windows\System32\Wbem;C:\Windows\System32\WindowsPowerShell\v1.0\;C:\Program Files (x86)\Common Files\Netop\;C:\Program Files (x86)\Netop\Vision\XL\;C:\Program Files\Git\cmd;C:\Program Files (x86)\QuickTime\QTSystem\;C:\Program Files (x86)\NVIDIA Corporation\PhysX\Common;C:\Program Files\dotnet\;C:\ProgramData\chocolatey\bin;C:\Program Files\nodejs\;C:\Users\ngonzales\AppData\Local\GitHubDesktop\bin
USERNAME=ngonzales
OS=Windows_NT
PROCESSOR_IDENTIFIER=AMD64 Family 21 Model 2 Stepping 0, AuthenticAMD



---------------  S Y S T E M  ---------------

OS: Windows 7 , 64 bit Build 7601 (6.1.7601.24354)

CPU:total 8 (initial active 8) (8 cores per cpu, 1 threads per core) family 21 model 2 stepping 0, cmov, cx8, fxsr, mmx, sse, sse2, sse3, ssse3, sse4.1, sse4.2, popcnt, avx, aes, clmul, mmxext, 3dnowpref, lzcnt, sse4a, tsc, tscinvbit, tscinv, bmi1

Memory: 4k page, physical 16737016k(13893916k free), swap 17759112k(14709256k free)

vm_info: Java HotSpot(TM) Client VM (25.144-b01) for windows-x86 JRE (1.8.0_144-b01), built on Jul 21 2017 21:58:05 by "java_re" with MS VC++ 10.0 (VS2010)

time: Thu Mar 07 09:37:39 2019
elapsed time: 22 seconds (0d 0h 0m 22s)

